-200.0
-200.0
-200.0
-200.0
-200.0
-200.0
-200.0
-200.0
-200.0
-200.0
-200.0
-200.0
-200.0
-200.0
-200.0
-200.0
-200.0
-200.0
-200.0
-200.0
-200.0
-200.0
-200.0
-200.0
-200.0
-200.0
-200.0
-200.0
-200.0
-200.0
-200.0
-200.0
-200.0
-200.0
-200.0
-200.0
-200.0
-200.0
-200.0
-200.0
-200.0
-200.0
-200.0
-200.0
-200.0
-200.0
-200.0
-200.0
-200.0
-200.0
-200.0
-200.0
-200.0
-200.0
-200.0
-200.0
-200.0
-200.0
-200.0
-200.0
-200.0
-200.0
-200.0
-200.0
-200.0
-200.0
-200.0
-200.0
-200.0
-200.0
-200.0
-200.0
-200.0
-200.0
-200.0
-200.0
-200.0
-200.0
-200.0
-200.0
-200.0
-200.0
-200.0
-200.0
-200.0
-200.0
-200.0
-200.0
-200.0
-200.0
-200.0
-200.0
-200.0
-200.0
-200.0
-200.0
-200.0
-200.0
-200.0
-167.0
-200.0
-200.0
-200.0
-200.0
-200.0
-200.0
-200.0
-200.0
-200.0
-158.0
-200.0
-200.0
-194.0
-171.0
-200.0
-200.0
-200.0
-179.0
-200.0
-200.0
-200.0
-171.0
-200.0
-200.0
-198.0
-194.0
-200.0
-200.0
-200.0
-200.0
-159.0
-159.0
-165.0
-200.0
-200.0
-191.0
-200.0
-163.0
-200.0
-170.0
-200.0
-200.0
-198.0
-156.0
-200.0
-156.0
-167.0
-200.0
-150.0
-153.0
-200.0
-200.0
-113.0
-200.0
-158.0
-200.0
-155.0
-158.0
-152.0
-200.0
-140.0
-119.0
-200.0
-200.0
-200.0
-149.0
-147.0
-159.0
-197.0
-134.0
-117.0
-118.0
-168.0
-173.0
-158.0
-181.0
-174.0
-169.0
-200.0
-146.0
-151.0
-120.0
-115.0
-165.0
-124.0
-200.0
-160.0
-186.0
-161.0
-186.0
-151.0
-147.0
-200.0
-186.0
-200.0
-200.0
-152.0
-152.0
-113.0
-170.0
-188.0
-159.0
-171.0
-123.0
-116.0
-121.0
-163.0
-187.0
-153.0
-142.0
-200.0
-109.0
-172.0
-163.0
-200.0
-148.0
-115.0
-191.0
-187.0
-163.0
-120.0
-161.0
-175.0
-161.0
-146.0
-112.0
-116.0
-112.0
-121.0
-127.0
-152.0
-116.0
-115.0
-168.0
-200.0
-149.0
-117.0
-115.0
-151.0
-186.0
-87.0
-108.0
-163.0
-149.0
-116.0
-154.0
-176.0
-148.0
-115.0
-112.0
-113.0
-116.0
-168.0
-155.0
-117.0
-115.0
-115.0
-152.0
-200.0
-147.0
-127.0
-115.0
-114.0
-114.0
-176.0
-150.0
-118.0
-176.0
-147.0
-119.0
-166.0
-123.0
-112.0
-200.0
-195.0
-143.0
-109.0
-165.0
-180.0
-162.0
-197.0
-144.0
-112.0
-113.0
-142.0
-112.0
-111.0
-161.0
-109.0
-109.0
-155.0
-114.0
-111.0
-114.0
-111.0
-104.0
-149.0
-111.0
-109.0
-152.0
-139.0
-113.0
-108.0
-164.0
-111.0
-187.0
-147.0
-111.0
-114.0
-167.0
-170.0
-115.0
-117.0
-114.0
-147.0
-151.0
-112.0
-115.0
-111.0
-147.0
-200.0
-139.0
-111.0
-111.0
-118.0
-190.0
-111.0
-184.0
-142.0
-108.0
-141.0
-111.0
-146.0
-111.0
-114.0
-111.0
-146.0
-113.0
-114.0
-108.0
-109.0
-111.0
-109.0
-157.0
-109.0
-110.0
-137.0
-148.0
-118.0
-112.0
-146.0
-110.0
-111.0
-143.0
-198.0
-91.0
-109.0
-110.0
-198.0
-117.0
-145.0
-111.0
-146.0
-151.0
-109.0
-113.0
-113.0
-158.0
-157.0
-108.0
-111.0
-109.0
-107.0
-109.0
-143.0
-150.0
-112.0
-187.0
-108.0
-112.0
-113.0
-111.0
-111.0
-108.0
-114.0
-112.0
-110.0
-116.0
-111.0
-146.0
-114.0
-106.0
-144.0
-110.0
-109.0
-109.0
-152.0
-188.0
-111.0
-112.0
